# JRE version: Java(TM) SE Runtime Environment (17.0.11+7) (build 17.0.11+7-LTS-207)
# Java VM: Java HotSpot(TM) 64-Bit Server VM (17.0.11+7-LTS-207, mixed mode, emulated-client, sharing, tiered, compressed oops, compressed class ptrs, g1 gc, windows-amd64)
GC Precious Log:
 CPUs: 12 total, 12 available
 Memory: 5829M
 Large Page Support: Disabled
 NUMA Support: Disabled
 Compressed Oops: Enabled (32-bit)
 Heap Region Size: 1M
 Heap Min Capacity: 8M
 Heap Initial Capacity: 92M
 Heap Max Capacity: 1458M
 Pre-touch: Disabled
 Parallel Workers: 10
 Concurrent Workers: 3
 Concurrent Refinement Workers: 10
 Periodic GC: Disabled
Heap:
 garbage-first heap   total 73728K, used 47100K [0x00000000a4e00000, 0x0000000100000000)
  region size 1024K, 12 young (12288K), 3 survivors (3072K)
 Metaspace       used 68914K, committed 69440K, reserved 1114112K
  class space    used 9578K, committed 9856K, reserved 1048576K
GC Heap History (20 events):
Event: 9.465 GC heap before
{Heap before GC invocations=10 (full 0):
 garbage-first heap   total 61440K, used 46479K [0x00000000a4e00000, 0x0000000100000000)
  region size 1024K, 24 young (24576K), 4 survivors (4096K)
 Metaspace       used 34667K, committed 35200K, reserved 1114112K
  class space    used 4899K, committed 5184K, reserved 1048576K
}
Event: 9.469 GC heap after
{Heap after GC invocations=11 (full 0):
 garbage-first heap   total 61440K, used 27439K [0x00000000a4e00000, 0x0000000100000000)
  region size 1024K, 2 young (2048K), 2 survivors (2048K)
 Metaspace       used 34667K, committed 35200K, reserved 1114112K
  class space    used 4899K, committed 5184K, reserved 1048576K
}
Event: 9.578 GC heap before
{Heap before GC invocations=11 (full 0):
 garbage-first heap   total 61440K, used 32559K [0x00000000a4e00000, 0x0000000100000000)
  region size 1024K, 8 young (8192K), 2 survivors (2048K)
 Metaspace       used 35452K, committed 35968K, reserved 1114112K
  class space    used 4990K, committed 5248K, reserved 1048576K
}
Event: 9.580 GC heap after
{Heap after GC invocations=12 (full 0):
 garbage-first heap   total 61440K, used 27798K [0x00000000a4e00000, 0x0000000100000000)
  region size 1024K, 2 young (2048K), 2 survivors (2048K)
 Metaspace       used 35452K, committed 35968K, reserved 1114112K
  class space    used 4990K, committed 5248K, reserved 1048576K
}
Event: 10.235 GC heap before
{Heap before GC invocations=13 (full 0):
 garbage-first heap   total 61440K, used 47254K [0x00000000a4e00000, 0x0000000100000000)
  region size 1024K, 22 young (22528K), 2 survivors (2048K)
 Metaspace       used 40610K, committed 41152K, reserved 1114112K
  class space    used 5622K, committed 5888K, reserved 1048576K
}
Event: 10.238 GC heap after
{Heap after GC invocations=14 (full 0):
 garbage-first heap   total 61440K, used 29154K [0x00000000a4e00000, 0x0000000100000000)
  region size 1024K, 2 young (2048K), 2 survivors (2048K)
 Metaspace       used 40610K, committed 41152K, reserved 1114112K
  class space    used 5622K, committed 5888K, reserved 1048576K
}
Event: 10.633 GC heap before
{Heap before GC invocations=14 (full 0):
 garbage-first heap   total 61440K, used 48610K [0x00000000a4e00000, 0x0000000100000000)
  region size 1024K, 21 young (21504K), 2 survivors (2048K)
 Metaspace       used 44100K, committed 44608K, reserved 1114112K
  class space    used 6027K, committed 6272K, reserved 1048576K
}
Event: 10.638 GC heap after
{Heap after GC invocations=15 (full 0):
 garbage-first heap   total 61440K, used 30627K [0x00000000a4e00000, 0x0000000100000000)
  region size 1024K, 3 young (3072K), 3 survivors (3072K)
 Metaspace       used 44100K, committed 44608K, reserved 1114112K
  class space    used 6027K, committed 6272K, reserved 1048576K
}
Event: 10.954 GC heap before
{Heap before GC invocations=16 (full 0):
 garbage-first heap   total 61440K, used 49059K [0x00000000a4e00000, 0x0000000100000000)
  region size 1024K, 21 young (21504K), 3 survivors (3072K)
 Metaspace       used 45532K, committed 46080K, reserved 1114112K
  class space    used 6216K, committed 6464K, reserved 1048576K
}
Event: 10.957 GC heap after
{Heap after GC invocations=17 (full 0):
 garbage-first heap   total 61440K, used 32326K [0x00000000a4e00000, 0x0000000100000000)
  region size 1024K, 3 young (3072K), 3 survivors (3072K)
 Metaspace       used 45532K, committed 46080K, reserved 1114112K
  class space    used 6216K, committed 6464K, reserved 1048576K
}
Event: 11.325 GC heap before
{Heap before GC invocations=17 (full 0):
 garbage-first heap   total 61440K, used 48710K [0x00000000a4e00000, 0x0000000100000000)
  region size 1024K, 19 young (19456K), 3 survivors (3072K)
 Metaspace       used 48738K, committed 49216K, reserved 1114112K
  class space    used 6546K, committed 6784K, reserved 1048576K
}
Event: 11.329 GC heap after
{Heap after GC invocations=18 (full 0):
 garbage-first heap   total 73728K, used 33955K [0x00000000a4e00000, 0x0000000100000000)
  region size 1024K, 2 young (2048K), 2 survivors (2048K)
 Metaspace       used 48738K, committed 49216K, reserved 1114112K
  class space    used 6546K, committed 6784K, reserved 1048576K
}
Event: 13.022 GC heap before
{Heap before GC invocations=19 (full 0):
 garbage-first heap   total 73728K, used 56483K [0x00000000a4e00000, 0x0000000100000000)
  region size 1024K, 25 young (25600K), 2 survivors (2048K)
 Metaspace       used 54684K, committed 55232K, reserved 1114112K
  class space    used 7359K, committed 7616K, reserved 1048576K
}
Event: 13.025 GC heap after
{Heap after GC invocations=20 (full 0):
 garbage-first heap   total 73728K, used 35444K [0x00000000a4e00000, 0x0000000100000000)
  region size 1024K, 4 young (4096K), 4 survivors (4096K)
 Metaspace       used 54684K, committed 55232K, reserved 1114112K
  class space    used 7359K, committed 7616K, reserved 1048576K
}
Event: 14.379 GC heap before
{Heap before GC invocations=20 (full 0):
 garbage-first heap   total 73728K, used 56948K [0x00000000a4e00000, 0x0000000100000000)
  region size 1024K, 25 young (25600K), 4 survivors (4096K)
 Metaspace       used 58741K, committed 59328K, reserved 1114112K
  class space    used 8056K, committed 8320K, reserved 1048576K
}
Event: 14.382 GC heap after
{Heap after GC invocations=21 (full 0):
 garbage-first heap   total 73728K, used 36266K [0x00000000a4e00000, 0x0000000100000000)
  region size 1024K, 3 young (3072K), 3 survivors (3072K)
 Metaspace       used 58741K, committed 59328K, reserved 1114112K
  class space    used 8056K, committed 8320K, reserved 1048576K
}
Event: 20.006 GC heap before
{Heap before GC invocations=22 (full 0):
 garbage-first heap   total 73728K, used 58794K [0x00000000a4e00000, 0x0000000100000000)
  region size 1024K, 25 young (25600K), 3 survivors (3072K)
 Metaspace       used 62626K, committed 63168K, reserved 1114112K
  class space    used 8635K, committed 8896K, reserved 1048576K
}
Event: 20.010 GC heap after
{Heap after GC invocations=23 (full 0):
 garbage-first heap   total 73728K, used 37653K [0x00000000a4e00000, 0x0000000100000000)
  region size 1024K, 3 young (3072K), 3 survivors (3072K)
 Metaspace       used 62626K, committed 63168K, reserved 1114112K
  class space    used 8635K, committed 8896K, reserved 1048576K
}
Event: 24.490 GC heap before
{Heap before GC invocations=23 (full 0):
 garbage-first heap   total 73728K, used 57109K [0x00000000a4e00000, 0x0000000100000000)
  region size 1024K, 23 young (23552K), 3 survivors (3072K)
 Metaspace       used 65729K, committed 66304K, reserved 1114112K
  class space    used 9059K, committed 9344K, reserved 1048576K
}
Event: 24.493 GC heap after
{Heap after GC invocations=24 (full 0):
 garbage-first heap   total 73728K, used 38908K [0x00000000a4e00000, 0x0000000100000000)
  region size 1024K, 3 young (3072K), 3 survivors (3072K)
 Metaspace       used 65729K, committed 66304K, reserved 1114112K
  class space    used 9059K, committed 9344K, reserved 1048576K
}

