# JRE version: Java(TM) SE Runtime Environment (17.0.11+7) (build 17.0.11+7-LTS-207)
# Java VM: Java HotSpot(TM) 64-Bit Server VM (17.0.11+7-LTS-207, mixed mode, emulated-client, sharing, tiered, compressed oops, compressed class ptrs, g1 gc, windows-amd64)
GC Precious Log:
 CPUs: 12 total, 12 available
 Memory: 5829M
 Large Page Support: Disabled
 NUMA Support: Disabled
 Compressed Oops: Enabled (32-bit)
 Heap Region Size: 1M
 Heap Min Capacity: 8M
 Heap Initial Capacity: 92M
 Heap Max Capacity: 1458M
 Pre-touch: Disabled
 Parallel Workers: 10
 Concurrent Workers: 3
 Concurrent Refinement Workers: 10
 Periodic GC: Disabled
Heap:
 garbage-first heap   total 94208K, used 36423K [0x00000000a4e00000, 0x0000000100000000)
  region size 1024K, 28 young (28672K), 4 survivors (4096K)
 Metaspace       used 20276K, committed 20608K, reserved 1114112K
  class space    used 2840K, committed 3008K, reserved 1048576K
GC Heap History (6 events):
Event: 4.526 GC heap before
{Heap before GC invocations=0 (full 0):
 garbage-first heap   total 94208K, used 24576K [0x00000000a4e00000, 0x0000000100000000)
  region size 1024K, 23 young (23552K), 0 survivors (0K)
 Metaspace       used 6198K, committed 6464K, reserved 1114112K
  class space    used 780K, committed 896K, reserved 1048576K
}
Event: 4.548 GC heap after
{Heap after GC invocations=1 (full 0):
 garbage-first heap   total 94208K, used 10360K [0x00000000a4e00000, 0x0000000100000000)
  region size 1024K, 3 young (3072K), 3 survivors (3072K)
 Metaspace       used 6198K, committed 6464K, reserved 1114112K
  class space    used 780K, committed 896K, reserved 1048576K
}
Event: 4.990 GC heap before
{Heap before GC invocations=1 (full 0):
 garbage-first heap   total 94208K, used 28792K [0x00000000a4e00000, 0x0000000100000000)
  region size 1024K, 22 young (22528K), 3 survivors (3072K)
 Metaspace       used 9427K, committed 9664K, reserved 1114112K
  class space    used 1252K, committed 1344K, reserved 1048576K
}
Event: 4.993 GC heap after
{Heap after GC invocations=2 (full 0):
 garbage-first heap   total 94208K, used 11689K [0x00000000a4e00000, 0x0000000100000000)
  region size 1024K, 2 young (2048K), 2 survivors (2048K)
 Metaspace       used 9427K, committed 9664K, reserved 1114112K
  class space    used 1252K, committed 1344K, reserved 1048576K
}
Event: 6.518 GC heap before
{Heap before GC invocations=2 (full 0):
 garbage-first heap   total 94208K, used 44457K [0x00000000a4e00000, 0x0000000100000000)
  region size 1024K, 35 young (35840K), 2 survivors (2048K)
 Metaspace       used 15668K, committed 16064K, reserved 1114112K
  class space    used 2310K, committed 2496K, reserved 1048576K
}
Event: 6.522 GC heap after
{Heap after GC invocations=3 (full 0):
 garbage-first heap   total 94208K, used 13895K [0x00000000a4e00000, 0x0000000100000000)
  region size 1024K, 4 young (4096K), 4 survivors (4096K)
 Metaspace       used 15668K, committed 16064K, reserved 1114112K
  class space    used 2310K, committed 2496K, reserved 1048576K
}

